<?xml version="1.0" encoding="UTF-8"?>
<!-- Generated by org.testng.reporters.JUnitReportReporter -->
<testsuite skipped="0" hostname="Admin-PC" name="com.testcase.Logintest" tests="2" failures="0" timestamp="15 Mar 2020 05:04:36 GMT" time="2.795" errors="0">
  <testcase name="test02" time="0.675" classname="com.testcase.Logintest"/>
  <testcase name="test01" time="2.120" classname="com.testcase.Logintest"/>
</testsuite> <!-- com.testcase.Logintest -->
