<?xml version="1.0" encoding="UTF-8"?>
<!-- Generated by org.testng.reporters.JUnitReportReporter -->
<testsuite skipped="0" hostname="Admin-PC" name="com.testcase.Logintest" tests="2" failures="0" timestamp="15 Mar 2020 05:08:04 GMT" time="2.025" errors="0">
  <testcase name="test01" time="1.752" classname="com.testcase.Logintest"/>
  <testcase name="test02" time="0.273" classname="com.testcase.Logintest"/>
</testsuite> <!-- com.testcase.Logintest -->
